\----------------------------------------------------\
ОТКРЫТ ФАЙЛ

Time is 01:01:46
I'm stackDump called from main (16) main.cpp
Stack[0x621000001500] "myStack" from stack.cpp (37) in function - main.

--------------------------------------------------------------------------
Struct:
	size = 0
	capacity = 1000
	адрес data[] = 0x621000001500
--------------------------------------------------------------------------
CPU Dump:
0 = 01 = 02 = 03 = 0
Time is 01:01:46
I'm stackDump called from main (46) main.cpp
Stack[0x621000001500] "myStack" from stack.cpp (37) in function - main.

--------------------------------------------------------------------------
Struct:
	size = 0
	capacity = 1000
	адрес data[] = 0x621000001500
--------------------------------------------------------------------------
МАССИВ КОМАНД
0 - 1
1 - 1
2 - 43
3 - 1
4 - 33
5 - 1
6 - 1
7 - 15
8 - 24
9 - 25
10 - 33
11 - 1
12 - 33
13 - 1
14 - 4
15 - 31
16 - 33
17 - 1
18 - 1
19 - 1
20 - 3
21 - 43
22 - 1
23 - 22
24 - 4
25 - 10
26 - -1
ЗАКРЫТ ФАЙЛ
\----------------------------------------------------\
