\----------------------------------------------------\
ОТКРЫТ ФАЙЛ

Time is 11:49:18
I'm stackDump called from main (16) main.cpp
Stack[0x621000001500] "myStack" from stack.cpp (38) in function - main.

--------------------------------------------------------------------------
Struct:
	size = 0
	capacity = 1000
	адрес data[] = 0x621000001500
--------------------------------------------------------------------------
CPU Dump:
1 = 0
     Filename: machine_code.txt
МАССИВ КОМАНД
0 - 9
1 - 11
2 - 101
3 - 9
4 - 11
5 - 102
6 - 9
7 - 11
8 - 103
9 - 33
10 - 102
11 - 33
12 - 102
13 - 4
14 - 1
15 - 4
16 - 33
17 - 101
18 - 33
19 - 103
20 - 4
21 - 4
22 - 2
23 - 18
24 - 21
25 - 10
26 - -1
ИЗ ДВОИЧНОГО ФАЙЛА
0 - 00000009
1 - 0000000B
2 - 00000065
3 - 00000009
4 - 0000000B
5 - 00000066
6 - 00000009
7 - 0000000B
8 - 00000067
9 - 00000021
10 - 00000066
11 - 00000021
12 - 00000066
13 - 00000004
14 - 00000001
15 - 00000004
16 - 00000021
17 - 00000065
18 - 00000021
19 - 00000067
20 - 00000004
21 - 00000004
22 - 00000002
23 - 00000012
24 - 00000015
25 - 0000000A
26 - FFFFFFFF
Address: 0x60b0000000f0, Value: 00000009
Address: 0x60b0000000f1, Value: 0000000B
Address: 0x60b0000000f2, Value: 00000065
Address: 0x60b0000000f3, Value: 00000009
Address: 0x60b0000000f4, Value: 0000000B
Address: 0x60b0000000f5, Value: 00000066
Address: 0x60b0000000f6, Value: 00000009
Address: 0x60b0000000f7, Value: 0000000B
Address: 0x60b0000000f8, Value: 00000067
Address: 0x60b0000000f9, Value: 00000021
Address: 0x60b0000000fa, Value: 00000066
Address: 0x60b0000000fb, Value: 00000021
Address: 0x60b0000000fc, Value: 00000066
Address: 0x60b0000000fd, Value: 00000004
Address: 0x60b0000000fe, Value: 00000001
Address: 0x60b0000000ff, Value: 00000004
Address: 0x60b000000100, Value: 00000021
Address: 0x60b000000101, Value: 00000065
Address: 0x60b000000102, Value: 00000021
Address: 0x60b000000103, Value: 00000067
Address: 0x60b000000104, Value: 00000004
Address: 0x60b000000105, Value: 00000004
Address: 0x60b000000106, Value: 00000002
Address: 0x60b000000107, Value: 00000012
Address: 0x60b000000108, Value: 00000015
Address: 0x60b000000109, Value: 0000000A
Address: 0x60b00000010a, Value: FFFFFFFF

Time is 11:49:18
I'm stackDump called from main (23) main.cpp
Stack[0x621000001500] "myStack" from stack.cpp (38) in function - main.

--------------------------------------------------------------------------
Struct:
	size = 0
	capacity = 1000
	адрес data[] = 0x621000001500
--------------------------------------------------------------------------
CPU Dump:
1 = 0
     Filename: machine_code.txt
ЗАКРЫТ ФАЙЛ
\----------------------------------------------------\
