\----------------------------------------------------\
ОТКРЫТ ФАЙЛ
МАССИВ КОМАНД
0 - 9
1 - 11
2 - 101
3 - 9
4 - 11
5 - 102
6 - 9
7 - 11
8 - 103
9 - 33
10 - 102
11 - 33
12 - 102
13 - 4
14 - 1
15 - 4
16 - 33
17 - 101
18 - 33
19 - 103
20 - 4
21 - 4
22 - 2
23 - 18
24 - 21
25 - 10
26 - -1
ИЗ ДВОИЧНОГО ФАЙЛА
0 - 00000009
1 - 0000000B
2 - 00000065
3 - 00000009
4 - 0000000B
5 - 00000066
6 - 00000009
7 - 0000000B
8 - 00000067
9 - 00000021
10 - 00000066
11 - 00000021
12 - 00000066
13 - 00000004
14 - 00000001
15 - 00000004
16 - 00000021
17 - 00000065
18 - 00000021
19 - 00000067
20 - 00000004
21 - 00000004
22 - 00000002
23 - 00000012
24 - 00000015
25 - 0000000A
26 - FFFFFFFF
Address: 0x7fc4f9604080, Value: 00000009
Address: 0x7fc4f9604081, Value: 0000000B
Address: 0x7fc4f9604082, Value: 00000065
Address: 0x7fc4f9604083, Value: 00000009
Address: 0x7fc4f9604084, Value: 0000000B
Address: 0x7fc4f9604085, Value: 00000066
Address: 0x7fc4f9604086, Value: 00000009
Address: 0x7fc4f9604087, Value: 0000000B
Address: 0x7fc4f9604088, Value: 00000067
Address: 0x7fc4f9604089, Value: 00000021
Address: 0x7fc4f960408a, Value: 00000066
Address: 0x7fc4f960408b, Value: 00000021
Address: 0x7fc4f960408c, Value: 00000066
Address: 0x7fc4f960408d, Value: 00000004
Address: 0x7fc4f960408e, Value: 00000001
Address: 0x7fc4f960408f, Value: 00000004
Address: 0x7fc4f9604090, Value: 00000021
Address: 0x7fc4f9604091, Value: 00000065
Address: 0x7fc4f9604092, Value: 00000021
Address: 0x7fc4f9604093, Value: 00000067
Address: 0x7fc4f9604094, Value: 00000004
Address: 0x7fc4f9604095, Value: 00000004
Address: 0x7fc4f9604096, Value: 00000002
Address: 0x7fc4f9604097, Value: 00000012
Address: 0x7fc4f9604098, Value: 00000015
Address: 0x7fc4f9604099, Value: 0000000A
Address: 0x7fc4f960409a, Value: FFFFFFFF
ЗАКРЫТ ФАЙЛ
\----------------------------------------------------\
